Arguments: 
  /Users/jiayali/git/nvm/versions/node/v10.16.0/bin/node /usr/local/bin/yarn

PATH: 
  /Users/jiayali/git/nvm/versions/node/v10.16.0/bin:/usr/local/bin:/usr/bin:/bin:/usr/sbin:/sbin:/Library/Frameworks/Mono.framework/Versions/Current/Commands:/Users/jiayali/git/nvm/versions/node/v10.16.0/bin:/usr/local/mysql/bin:/Users/jiayali/.rvm/bin:/usr/local/mysql/bin

Yarn version: 
  1.16.0

Node version: 
  10.16.0

Platform: 
  darwin x64

Trace: 
  Error: http://npm.xesv5.com/typeorm: Request "http://npm.xesv5.com/typeorm" returned a 403
      at Request.params.callback [as _callback] (/usr/local/lib/node_modules/yarn/lib/cli.js:66100:18)
      at Request.self.callback (/usr/local/lib/node_modules/yarn/lib/cli.js:129590:22)
      at Request.emit (events.js:198:13)
      at Request.<anonymous> (/usr/local/lib/node_modules/yarn/lib/cli.js:130562:10)
      at Request.emit (events.js:198:13)
      at IncomingMessage.<anonymous> (/usr/local/lib/node_modules/yarn/lib/cli.js:130484:12)
      at Object.onceWrapper (events.js:286:20)
      at IncomingMessage.emit (events.js:203:15)
      at endReadableNT (_stream_readable.js:1129:12)
      at process._tickCallback (internal/process/next_tick.js:63:19)

npm manifest: 
  {
     "name": "jwt-express-typeorm",
     "version": "0.0.1",
     "description": "Awesome project developed with TypeORM.",
     "devDependencies": {
        "ts-node": "3.3.0",
        "@types/node": "^8.0.29",
        "typescript": "3.3.3333"
     },
     "dependencies": {
        "typeorm": "0.2.25",
        "reflect-metadata": "^0.1.10",
        "mysql": "^2.14.1",
        "express": "^4.15.4",
        "body-parser": "^1.18.1"
     },
     "scripts": {
        "start": "ts-node src/index.ts"
     }
  }

yarn manifest: 
  No manifest

Lockfile: 
  No lockfile
