2020-06-27 12:31:53 info: [app] Server started at http://localhost:3000
2020-06-27 12:33:39 info: [app] Server started at http://localhost:3000
2020-06-27 12:35:53 info: [app] Server started at http://localhost:3000
2020-06-27 12:36:08 info: [app] Server started at http://localhost:3000
2020-06-27 12:36:40 info: [app] Server started at http://localhost:3000
2020-06-27 12:39:02 info: [app] Server started at http://localhost:3000
2020-06-27 12:39:23 info: [app] Server started at http://localhost:3000
2020-06-27 12:39:38 info: [app] Server started at http://localhost:3000
2020-06-27 12:41:51 info: [app] Server started at http://localhost:3000
2020-06-27 12:43:09 info: [app] Server started at http://localhost:3000
2020-06-27 12:43:18 info: [app] Server started at http://localhost:3000
2020-06-27 12:44:45 info: [app] Server started at http://localhost:3000
2020-06-27 15:43:38 info: [app] Server started at http://localhost:3000
2020-06-27 15:48:35 info: [app] Server started at http://localhost:3000
2020-06-27 15:51:45 info: [app] Server started at http://localhost:3000
2020-06-27 15:51:49 info: [app] Server started at http://localhost:3000
2020-06-27 15:53:09 info: [app] Server started at http://localhost:3000
2020-06-27 15:55:01 info: [app] Server started at http://localhost:3000
2020-06-27 15:55:07 info: [app] Server started at http://localhost:3000
2020-06-27 15:57:58 info: [app] Server started at http://localhost:3000
2020-06-27 15:58:04 info: [app] Server started at http://localhost:3000
2020-06-27 16:01:29 info: [app] Server started at http://localhost:3000
2020-06-27 16:01:57 info: [app] Server started at http://localhost:3000
2020-06-27 16:02:09 info: [app] Server started at http://localhost:3000
2020-06-27 16:02:14 info: [app] Server started at http://localhost:3000
2020-06-27 16:03:03 info: [app] Server started at http://localhost:3000
2020-06-27 16:03:24 info: [app] Server started at http://localhost:3000
2020-06-27 16:03:56 info: [app] Server started at http://localhost:3000
2020-06-27 16:04:08 info: [app] Server started at http://localhost:3000
2020-06-27 16:08:23 info: [app] Server started at http://localhost:3000
2020-06-27 16:09:52 error: [app] TSError: ⨯ Unable to compile TypeScript
src/entity/Post.ts (1,48): 'UpdateDateColumn' is declared but its value is never read. (6133)
src/entity/Post.ts (1,66): 'CreateDateColumn' is declared but its value is never read. (6133)
src/entity/Post.ts (1,96): 'Index' is declared but its value is never read. (6133)
src/entity/Post.ts (1,103): 'BeforeInsert' is declared but its value is never read. (6133)
2020-06-27 16:10:03 error: [app] TSError: ⨯ Unable to compile TypeScript
src/entity/Post.ts (1,48): 'UpdateDateColumn' is declared but its value is never read. (6133)
src/entity/Post.ts (1,66): 'CreateDateColumn' is declared but its value is never read. (6133)
src/entity/Post.ts (1,96): 'Index' is declared but its value is never read. (6133)
src/entity/Post.ts (1,103): 'BeforeInsert' is declared but its value is never read. (6133)
2020-06-27 16:10:07 error: [app] TSError: ⨯ Unable to compile TypeScript
src/entity/Post.ts (1,48): 'UpdateDateColumn' is declared but its value is never read. (6133)
src/entity/Post.ts (1,66): 'CreateDateColumn' is declared but its value is never read. (6133)
src/entity/Post.ts (1,96): 'Index' is declared but its value is never read. (6133)
src/entity/Post.ts (1,103): 'BeforeInsert' is declared but its value is never read. (6133)
2020-06-27 16:12:22 error: [app] TSError: ⨯ Unable to compile TypeScript
src/entity/Post.ts (1,48): 'UpdateDateColumn' is declared but its value is never read. (6133)
src/entity/Post.ts (1,66): 'CreateDateColumn' is declared but its value is never read. (6133)
src/entity/Post.ts (1,96): 'Index' is declared but its value is never read. (6133)
src/entity/Post.ts (1,103): 'BeforeInsert' is declared but its value is never read. (6133)
src/entity/Post.ts (14,37): Property 'phones' does not exist on type 'User'. (2339)
2020-06-27 16:16:56 info: [app] Server started at http://localhost:3000
2020-06-27 16:17:03 info: [app] Server started at http://localhost:3000
2020-06-27 16:17:51 info: [app] Server started at http://localhost:3000
2020-06-27 16:17:55 info: [app] Server started at http://localhost:3000
2020-06-27 16:18:58 info: [app] Server started at http://localhost:3000
2020-06-27 16:19:00 info: [app] Server started at http://localhost:3000
2020-06-27 16:22:19 info: [app] Server started at http://localhost:3000
2020-06-27 16:22:41 info: [app] Server started at http://localhost:3000
2020-06-27 16:23:16 info: [app] Server started at http://localhost:3000
2020-06-27 16:24:08 info: [app] Server started at http://localhost:3000
2020-06-27 16:24:21 info: [app] Server started at http://localhost:3000
2020-06-27 16:24:37 info: [app] Server started at http://localhost:3000
2020-06-27 16:29:37 info: [app] Server started at http://localhost:3000
2020-06-27 16:29:54 info: [app] Server started at http://localhost:3000
2020-06-27 16:31:30 info: [app] Server started at http://localhost:3000
2020-06-27 16:31:35 info: [app] Server started at http://localhost:3000
2020-06-27 16:31:43 info: [app] Server started at http://localhost:3000
2020-06-27 16:31:45 info: [app] Server started at http://localhost:3000
2020-06-27 16:33:22 info: [app] Server started at http://localhost:3000
2020-06-27 16:39:58 info: [app] Server started at http://localhost:3000
2020-06-27 16:40:12 info: [app] Server started at http://localhost:3000
2020-06-27 16:40:49 info: [app] Server started at http://localhost:3000
2020-06-27 16:44:36 info: [app] Server started at http://localhost:3000
2020-06-27 16:46:35 info: [app] Server started at http://localhost:3000
2020-06-27 16:46:42 info: [app] Server started at http://localhost:3000
2020-06-27 17:06:58 info: [app] Server started at http://localhost:3000
2020-06-27 17:07:13 info: [app] Server started at http://localhost:3000
2020-06-27 17:19:44 info: [app] Server started at http://localhost:3000
2020-06-27 17:19:51 info: [app] Server started at http://localhost:3000
2020-06-27 17:21:29 info: [app] Server started at http://localhost:3000
2020-06-27 17:21:33 info: [app] Server started at http://localhost:3000
2020-06-27 17:21:36 info: [app] Server started at http://localhost:3000
2020-06-27 17:21:58 info: [app] Server started at http://localhost:3000
2020-06-27 17:24:35 info: [app] Server started at http://localhost:3000
2020-06-27 17:24:55 info: [app] Server started at http://localhost:3000
2020-06-27 17:25:11 info: [app] Server started at http://localhost:3000
2020-06-27 17:25:45 info: [app] Server started at http://localhost:3000
2020-06-27 17:26:59 info: [app] Server started at http://localhost:3000
2020-06-27 17:27:18 info: [app] Server started at http://localhost:3000
2020-06-27 17:27:32 info: [app] Server started at http://localhost:3000
2020-06-27 17:28:10 info: [app] Server started at http://localhost:3000
2020-06-27 17:34:19 info: [app] Server started at http://localhost:3000
2020-06-27 17:34:23 info: [app] Server started at http://localhost:3000
2020-06-27 17:37:08 info: [app] Server started at http://localhost:3000
2020-06-27 17:48:43 info: [app] Server started at http://localhost:3000
2020-06-27 17:52:01 info: [app] Server started at http://localhost:3000
2020-06-27 17:52:10 info: [app] Server started at http://localhost:3000
2020-06-27 17:52:32 info: [app] Server started at http://localhost:3000
2020-06-27 17:52:46 info: [app] Server started at http://localhost:3000
2020-06-27 17:56:43 info: [app] Server started at http://localhost:3000
2020-06-27 18:04:39 info: [app] Server started at http://localhost:3000
2020-06-27 18:04:57 info: [app] Server started at http://localhost:3000
2020-06-27 18:05:01 info: [app] Server started at http://localhost:3000
2020-06-27 18:05:05 info: [app] Server started at http://localhost:3000
2020-06-27 18:06:33 info: [app] Server started at http://localhost:3000
2020-06-27 18:14:39 info: [app] Server started at http://localhost:3000
2020-06-27 18:20:09 info: [app] Server started at http://localhost:3000
2020-06-27 18:20:44 info: [app] Server started at http://localhost:3000
2020-06-27 18:30:43 info: [app] Server started at http://localhost:3000
2020-06-27 18:38:16 info: [app] Server started at http://localhost:3000
2020-06-27 18:47:36 info: [app] Server started at http://localhost:3000
2020-06-27 18:47:39 info: [app] Server started at http://localhost:3000
2020-06-27 18:47:43 info: [app] Server started at http://localhost:3000
2020-06-27 18:47:50 info: [app] Server started at http://localhost:3000
2020-06-27 18:48:23 info: [app] Server started at http://localhost:3000
2020-06-27 18:49:19 info: [app] Server started at http://localhost:3000
2020-06-27 18:50:26 info: [app] Server started at http://localhost:3000
2020-06-27 18:50:47 info: [app] Server started at http://localhost:3000
2020-06-27 18:51:00 info: [app] Server started at http://localhost:3000
2020-06-27 18:51:22 info: [app] Server started at http://localhost:3000
2020-06-27 18:52:42 info: [app] Server started at http://localhost:3000
2020-06-27 18:53:05 info: [app] Server started at http://localhost:3000
2020-06-27 18:53:39 info: [app] Server started at http://localhost:3000
2020-06-27 18:53:50 info: [app] Server started at http://localhost:3000
2020-06-27 18:57:29 info: [app] Server started at http://localhost:3000
2020-06-27 18:57:49 info: [app] Server started at http://localhost:3000
2020-06-27 18:58:04 info: [app] Server started at http://localhost:3000
2020-06-27 18:59:33 info: [app] Server started at http://localhost:3000
2020-06-27 19:01:14 info: [app] Server started at http://localhost:3000
2020-06-27 19:40:36 info: [app] Server started at http://localhost:3000
2020-06-27 19:43:16 info: [app] Server started at http://localhost:3000
2020-06-27 19:44:10 info: [app] Server started at http://localhost:3000
2020-06-27 19:46:06 info: [app] Server started at http://localhost:3000
2020-06-27 21:40:44 info: [app] Server started at http://localhost:3000
2020-06-27 21:45:58 info: [app] Server started at http://localhost:3000
2020-06-27 21:46:12 info: [app] Server started at http://localhost:3000
2020-06-27 21:46:25 info: [app] Server started at http://localhost:3000
2020-06-27 21:46:46 info: [app] Server started at http://localhost:3000
2020-06-27 21:47:08 info: [app] Server started at http://localhost:3000
2020-06-27 21:49:04 info: [app] Server started at http://localhost:3000
2020-06-27 21:50:33 error: [app] TSError: ⨯ Unable to compile TypeScript
src/entity/Comment.ts (4,10): Individual declarations in merged declaration 'Post' must be all exported or all local. (2395)
src/entity/Comment.ts (4,10): Import declaration conflicts with local declaration of 'Post'. (2440)
src/entity/Comment.ts (8,14): Individual declarations in merged declaration 'Post' must be all exported or all local. (2395)
src/entity/Comment.ts (17,37): Property 'comments' does not exist on type 'Post'. (2339)
2020-06-27 21:52:50 info: [app] Server started at http://localhost:3000
2020-06-27 21:53:26 info: [app] Server started at http://localhost:3000
2020-06-27 21:53:55 info: [app] Server started at http://localhost:3000
2020-06-27 21:54:30 info: [app] Server started at http://localhost:3000
2020-06-27 21:54:38 info: [app] Server started at http://localhost:3000
2020-06-27 21:54:41 info: [app] Server started at http://localhost:3000
2020-06-27 21:54:48 info: [app] Server started at http://localhost:3000
2020-06-27 21:55:38 info: [app] Server started at http://localhost:3000
2020-06-27 21:55:40 info: [app] Server started at http://localhost:3000
2020-06-27 22:10:06 info: [app] Server started at http://localhost:3000
2020-06-27 22:13:16 info: [app] Server started at http://localhost:3000
2020-06-27 22:15:41 info: [app] Server started at http://localhost:3000
2020-06-27 22:20:22 info: [app] Server started at http://localhost:3000
2020-06-27 22:30:46 info: [app] Server started at http://localhost:3000
2020-06-27 22:30:50 info: [app] Server started at http://localhost:3000
2020-06-27 22:31:35 info: [app] Server started at http://localhost:3000
2020-06-27 22:31:51 info: [app] Server started at http://localhost:3000
2020-06-27 22:32:03 info: [app] Server started at http://localhost:3000
2020-06-27 22:40:37 info: [app] Server started at http://localhost:3000
2020-06-27 22:40:54 info: [app] Server started at http://localhost:3000
2020-06-27 22:41:45 info: [app] Server started at http://localhost:3000
2020-06-27 22:41:51 info: [app] Server started at http://localhost:3000
2020-06-27 22:41:58 info: [app] Server started at http://localhost:3000
2020-06-27 22:42:52 info: [app] Server started at http://localhost:3000
2020-06-27 22:42:59 info: [app] Server started at http://localhost:3000
2020-06-27 22:43:01 info: [app] Server started at http://localhost:3000
2020-06-27 22:43:33 info: [app] Server started at http://localhost:3000
2020-06-27 22:44:04 info: [app] Server started at http://localhost:3000
2020-06-27 22:44:18 info: [app] Server started at http://localhost:3000
2020-06-27 22:44:48 error: [app] QueryFailedError: ER_TABLE_EXISTS_ERROR: Table 'user' already exists
2020-06-27 22:44:51 error: [app] QueryFailedError: ER_TABLE_EXISTS_ERROR: Table 'post' already exists
2020-06-27 22:44:54 error: [app] QueryFailedError: ER_TABLE_EXISTS_ERROR: Table 'post' already exists
2020-06-27 22:45:14 error: [app] QueryFailedError: ER_TABLE_EXISTS_ERROR: Table 'post' already exists
2020-06-27 22:45:23 error: [app] QueryFailedError: ER_TABLE_EXISTS_ERROR: Table 'post' already exists
2020-06-27 22:46:54 error: [app] QueryFailedError: ER_TABLE_EXISTS_ERROR: Table 'post' already exists
2020-06-27 22:47:00 error: [app] QueryFailedError: ER_TABLE_EXISTS_ERROR: Table 'user' already exists
2020-06-27 22:47:08 error: [app] QueryFailedError: ER_TABLE_EXISTS_ERROR: Table 'post' already exists
2020-06-27 22:47:51 error: [app] QueryFailedError: ER_TABLE_EXISTS_ERROR: Table 'user' already exists
2020-06-27 22:47:56 info: [app] Server started at http://localhost:3000
2020-06-27 22:50:16 info: [app] Server started at http://localhost:3000
2020-06-27 22:50:23 info: [app] Server started at http://localhost:3000
2020-06-27 22:51:34 info: [app] Server started at http://localhost:3000
2020-06-27 22:53:34 info: [app] Server started at http://localhost:3000
2020-06-27 22:54:18 info: [app] Server started at http://localhost:3000
2020-06-27 22:54:35 info: [app] Server started at http://localhost:3000
2020-06-27 22:55:05 info: [app] Server started at http://localhost:3000
2020-06-27 22:55:26 info: [app] Server started at http://localhost:3000
2020-06-27 23:00:03 info: [app] Server started at http://localhost:3000
2020-06-27 23:03:10 info: [app] Server started at http://localhost:3000
2020-06-27 23:03:24 info: [app] Server started at http://localhost:3000
2020-06-27 23:03:27 info: [app] Server started at http://localhost:3000
2020-06-27 23:03:53 info: [app] Server started at http://localhost:3000
2020-06-27 23:03:57 info: [app] Server started at http://localhost:3000
2020-06-27 23:04:28 info: [app] Server started at http://localhost:3000
2020-06-27 23:05:49 info: [app] Server started at http://localhost:3000
2020-06-27 23:06:25 error: [app] QueryFailedError: ER_NO_REFERENCED_ROW_2: Cannot add or update a child row: a foreign key constraint fails (`typeorm`.`#sql-5f_177`, CONSTRAINT `FK_5c1cf55c308037b5aca1038a131` FOREIGN KEY (`userId`) REFERENCES `users` (`id`))
2020-06-27 23:07:01 info: [app] Server started at http://localhost:3000
2020-06-27 23:07:15 info: [app] Server started at http://localhost:3000
2020-06-27 23:07:53 info: [app] Server started at http://localhost:3000
2020-06-27 23:08:02 info: [app] Server started at http://localhost:3000
2020-06-27 23:08:06 info: [app] Server started at http://localhost:3000
